\BOOKMARK [1][-]{section.1}{The MICE Experiment}{}% 1
\BOOKMARK [2][-]{subsection.1.1}{Overview}{section.1}% 2
\BOOKMARK [2][-]{subsection.1.2}{The Scintillating Fibre Trackers}{section.1}% 3
\BOOKMARK [1][-]{section.2}{Coordinate systems and Reference Surfaces}{}% 4
\BOOKMARK [2][-]{subsection.2.1}{Channels and Digits}{section.2}% 5
\BOOKMARK [2][-]{subsection.2.2}{Planes and Clusters}{section.2}% 6
\BOOKMARK [2][-]{subsection.2.3}{Stations and Spacepoints}{section.2}% 7
\BOOKMARK [2][-]{subsection.2.4}{Trackers and Tracks}{section.2}% 8
\BOOKMARK [1][-]{section.3}{The MAUS Framework}{}% 9
\BOOKMARK [1][-]{section.4}{Data Structure}{}% 10
\BOOKMARK [2][-]{subsection.4.1}{General MAUS, Monte Carlo and DAQ data structures}{section.4}% 11
\BOOKMARK [2][-]{subsection.4.2}{Tracker reconstruction data structure}{section.4}% 12
\BOOKMARK [2][-]{subsection.4.3}{Cross links and the Monte Carlo - Reconstruction bridge}{section.4}% 13
\BOOKMARK [1][-]{section.5}{Geometry}{}% 14
\BOOKMARK [1][-]{section.6}{Simulation}{}% 15
\BOOKMARK [2][-]{subsection.6.1}{Noise}{section.6}% 16
\BOOKMARK [1][-]{section.7}{Reconstruction}{}% 17
\BOOKMARK [2][-]{subsection.7.1}{Digitization}{section.7}% 18
\BOOKMARK [2][-]{subsection.7.2}{Clustering}{section.7}% 19
\BOOKMARK [2][-]{subsection.7.3}{Spacepoint Reconstruction}{section.7}% 20
\BOOKMARK [2][-]{subsection.7.4}{Pattern Recognition}{section.7}% 21
\BOOKMARK [2][-]{subsection.7.5}{Track Fit}{section.7}% 22
\BOOKMARK [1][-]{section.8}{Performance}{}% 23
\BOOKMARK [1][-]{section.9}{Conclusion}{}% 24
