entering extended mode
**./MICETrackerSoftware.tex
(MICETrackerSoftware.tex
LaTeX2e <2015/10/01> patch level 2
Babel <3.9n> and hyphenation patterns for 69 languages loaded.
(99-Styles/MICE.cls

LaTeX Warning: You have requested document class `99-Styles/MICE',
               but the document class provides `IDS-NF'.

Document Class: IDS-NF 2012/08/27
(D:\Programs\MiKTeX\tex\latex\base\article.cls
Document Class: article 2014/09/29 v1.4h Standard LaTeX document class
(D:\Programs\MiKTeX\tex\latex\base\fleqn.clo
File: fleqn.clo 2015/03/31 v1.1i Standard LaTeX option (flush left equations)
\mathindent=\dimen102
Applying: [2015/01/01] Make \[ robust on input line 50.
LaTeX Info: Redefining \[ on input line 51.
Already applied: [0000/00/00] Make \[ robust on input line 62.
Applying: [2015/01/01] Make \] robust on input line 74.
LaTeX Info: Redefining \] on input line 75.
Already applied: [0000/00/00] Make \] robust on input line 83.
)
(D:\Programs\MiKTeX\tex\latex\base\size11.clo
File: size11.clo 2014/09/29 v1.4h Standard LaTeX file (size option)
)
\c@part=\count79
\c@section=\count80
\c@subsection=\count81
\c@subsubsection=\count82
\c@paragraph=\count83
\c@subparagraph=\count84
\c@figure=\count85
\c@table=\count86
\abovecaptionskip=\skip41
\belowcaptionskip=\skip42
\bibindent=\dimen103
)
\ids@border=\skip43
)
(D:\Programs\MiKTeX\tex\latex\tools\bm.sty
Package: bm 2014/10/28 v1.1c Bold Symbol Support (DPC/FMi)
\symboldoperators=\mathgroup4
\symboldletters=\mathgroup5
\symboldsymbols=\mathgroup6
LaTeX Font Info:    Redeclaring math alphabet \mathbf on input line 141.
LaTeX Info: Redefining \bm on input line 207.
)
(D:\Programs\MiKTeX\tex\latex\amsmath\amsmath.sty
Package: amsmath 2013/01/14 v2.14 AMS math features
\@mathmargin=\skip44

For additional information on amsmath, use the `?' option.
(D:\Programs\MiKTeX\tex\latex\amsmath\amstext.sty
Package: amstext 2000/06/29 v2.01

(D:\Programs\MiKTeX\tex\latex\amsmath\amsgen.sty
File: amsgen.sty 1999/11/30 v2.0
\@emptytoks=\toks14
\ex@=\dimen104
))
(D:\Programs\MiKTeX\tex\latex\amsmath\amsbsy.sty
Package: amsbsy 1999/11/29 v1.2d
LaTeX Info: Redefining \boldsymbol on input line 39.
\pmbraise@=\dimen105
)
(D:\Programs\MiKTeX\tex\latex\amsmath\amsopn.sty
Package: amsopn 1999/12/14 v2.01 operator names
)
\inf@bad=\count87
LaTeX Info: Redefining \frac on input line 210.
\uproot@=\count88
\leftroot@=\count89
LaTeX Info: Redefining \overline on input line 306.
\classnum@=\count90
\DOTSCASE@=\count91
LaTeX Info: Redefining \ldots on input line 378.
LaTeX Info: Redefining \dots on input line 381.
LaTeX Info: Redefining \cdots on input line 466.
\Mathstrutbox@=\box26
\strutbox@=\box27
\big@size=\dimen106
LaTeX Font Info:    Redeclaring font encoding OML on input line 566.
LaTeX Font Info:    Redeclaring font encoding OMS on input line 567.
\macc@depth=\count92
\c@MaxMatrixCols=\count93
\dotsspace@=\muskip10
\c@parentequation=\count94
\dspbrk@lvl=\count95
\tag@help=\toks15
\row@=\count96
\column@=\count97
\maxfields@=\count98
\andhelp@=\toks16
\eqnshift@=\dimen107
\alignsep@=\dimen108
\tagshift@=\dimen109
\tagwidth@=\dimen110
\totwidth@=\dimen111
\lineht@=\dimen112
\@envbody=\toks17
\multlinegap=\skip45
\multlinetaggap=\skip46
\mathdisplay@stack=\toks18
LaTeX Info: Redefining \[ on input line 2665.
LaTeX Info: Redefining \] on input line 2666.
)
(D:\Programs\MiKTeX\tex\latex\graphics\graphicx.sty
Package: graphicx 2014/10/28 v1.0g Enhanced LaTeX Graphics (DPC,SPQR)

(D:\Programs\MiKTeX\tex\latex\graphics\keyval.sty
Package: keyval 2014/10/28 v1.15 key=value parser (DPC)
\KV@toks@=\toks19
)
(D:\Programs\MiKTeX\tex\latex\graphics\graphics.sty
Package: graphics 2014/10/28 v1.0p Standard LaTeX Graphics (DPC,SPQR)

(D:\Programs\MiKTeX\tex\latex\graphics\trig.sty
Package: trig 1999/03/16 v1.09 sin cos tan (DPC)
)
(D:\Programs\MiKTeX\tex\latex\00miktex\graphics.cfg
File: graphics.cfg 2007/01/18 v1.5 graphics configuration of teTeX/TeXLive
)
Package graphics Info: Driver file: pdftex.def on input line 94.

(D:\Programs\MiKTeX\tex\latex\pdftex-def\pdftex.def
File: pdftex.def 2011/05/27 v0.06d Graphics/color for pdfTeX

(D:\Programs\MiKTeX\tex\generic\oberdiek\infwarerr.sty
Package: infwarerr 2010/04/08 v1.3 Providing info/warning/error messages (HO)
)
(D:\Programs\MiKTeX\tex\generic\oberdiek\ltxcmds.sty
Package: ltxcmds 2011/11/09 v1.22 LaTeX kernel commands for general use (HO)
)
\Gread@gobject=\count99
))
\Gin@req@height=\dimen113
\Gin@req@width=\dimen114
)
(99-Styles/GetPackages.tex (D:\Programs\MiKTeX\tex\latex\lineno\lineno.sty
Package: lineno 2005/11/02 line numbers on paragraphs v4.41
\linenopenalty=\count100
\output=\toks20
\linenoprevgraf=\count101
\linenumbersep=\dimen115
\linenumberwidth=\dimen116
\c@linenumber=\count102
\c@pagewiselinenumber=\count103
\c@LN@truepage=\count104
\c@internallinenumber=\count105
\c@internallinenumbers=\count106
\quotelinenumbersep=\dimen117
\bframerule=\dimen118
\bframesep=\dimen119
\bframebox=\box28
LaTeX Info: Redefining \\ on input line 3056.
)
(D:\Programs\MiKTeX\tex\latex\natbib\bibentry.sty
Package: bibentry 2007/10/30 1.5 (PWD)
) (MICETrackerSoftware.bbl)
(D:\Programs\MiKTeX\tex\latex\psnfss\times.sty
Package: times 2005/04/12 PSNFSS-v9.2a (SPQR) 
)
(D:\Programs\MiKTeX\tex\latex\amsfonts\amssymb.sty
Package: amssymb 2013/01/14 v3.01 AMS font symbols

(D:\Programs\MiKTeX\tex\latex\amsfonts\amsfonts.sty
Package: amsfonts 2013/01/14 v3.01 Basic AMSFonts support
\symAMSa=\mathgroup7
\symAMSb=\mathgroup8
LaTeX Font Info:    Overwriting math alphabet `\mathfrak' in version `bold'
(Font)                  U/euf/m/n --> U/euf/b/n on input line 106.
))
(D:\Programs\MiKTeX\tex\latex\carlisle\slashed.sty
Package: slashed 1997/01/16 v0.01 Feynman Slashed Character Notation (DPC)
)
(D:\Programs\MiKTeX\tex\latex\tools\verbatim.sty
Package: verbatim 2014/10/28 v1.5q LaTeX2e package for verbatim enhancements
\every@verbatim=\toks21
\verbatim@line=\toks22
\verbatim@in@stream=\read1
)
(D:\Programs\MiKTeX\tex\latex\graphics\color.sty
Package: color 2014/10/28 v1.1a Standard LaTeX Color (DPC)

(D:\Programs\MiKTeX\tex\latex\00miktex\color.cfg
File: color.cfg 2007/01/18 v1.5 color configuration of teTeX/TeXLive
)
Package color Info: Driver file: pdftex.def on input line 142.
)
(D:\Programs\MiKTeX\tex\latex\subfigure\subfigure.sty
Package: subfigure 2002/07/30 v2.1.4 subfigure package
\subfigtopskip=\skip47
\subfigcapskip=\skip48
\subfigcaptopadj=\dimen120
\subfigbottomskip=\skip49
\subfigcapmargin=\dimen121
\subfiglabelskip=\skip50
\c@subfigure=\count107
\c@lofdepth=\count108
\c@subtable=\count109
\c@lotdepth=\count110

****************************************
* Local config file subfigure.cfg used *
****************************************
(D:\Programs\MiKTeX\tex\latex\subfigure\subfigure.cfg)
\subfig@top=\skip51
\subfig@bottom=\skip52
)
(D:\Programs\MiKTeX\tex\latex\hyperref\hyperref.sty
Package: hyperref 2012/11/06 v6.83m Hypertext links for LaTeX

(D:\Programs\MiKTeX\tex\generic\oberdiek\hobsub-hyperref.sty
Package: hobsub-hyperref 2012/04/25 v1.12 Bundle oberdiek, subset hyperref (HO)


(D:\Programs\MiKTeX\tex\generic\oberdiek\hobsub-generic.sty
Package: hobsub-generic 2012/04/25 v1.12 Bundle oberdiek, subset generic (HO)
Package: hobsub 2012/04/25 v1.12 Construct package bundles (HO)
Package hobsub Info: Skipping package `infwarerr' (already loaded).
Package hobsub Info: Skipping package `ltxcmds' (already loaded).
Package: ifluatex 2010/03/01 v1.3 Provides the ifluatex switch (HO)
Package ifluatex Info: LuaTeX not detected.
Package: ifvtex 2010/03/01 v1.5 Detect VTeX and its facilities (HO)
Package ifvtex Info: VTeX not detected.
Package: intcalc 2007/09/27 v1.1 Expandable calculations with integers (HO)
Package: ifpdf 2011/01/30 v2.3 Provides the ifpdf switch (HO)
Package ifpdf Info: pdfTeX in PDF mode is detected.
Package: etexcmds 2011/02/16 v1.5 Avoid name clashes with e-TeX commands (HO)
Package etexcmds Info: Could not find \expanded.
(etexcmds)             That can mean that you are not using pdfTeX 1.50 or
(etexcmds)             that some package has redefined \expanded.
(etexcmds)             In the latter case, load this package earlier.
Package: kvsetkeys 2012/04/25 v1.16 Key value parser (HO)
Package: kvdefinekeys 2011/04/07 v1.3 Define keys (HO)
Package: pdftexcmds 2011/11/29 v0.20 Utility functions of pdfTeX for LuaTeX (HO
)
Package pdftexcmds Info: LuaTeX not detected.
Package pdftexcmds Info: \pdf@primitive is available.
Package pdftexcmds Info: \pdf@ifprimitive is available.
Package pdftexcmds Info: \pdfdraftmode found.
Package: pdfescape 2011/11/25 v1.13 Implements pdfTeX's escape features (HO)
Package: bigintcalc 2012/04/08 v1.3 Expandable calculations on big integers (HO
)
Package: bitset 2011/01/30 v1.1 Handle bit-vector datatype (HO)
Package: uniquecounter 2011/01/30 v1.2 Provide unlimited unique counter (HO)
)
Package hobsub Info: Skipping package `hobsub' (already loaded).
Package: letltxmacro 2010/09/02 v1.4 Let assignment for LaTeX macros (HO)
Package: hopatch 2011/06/24 v1.1 Wrapper for package hooks (HO)
Package: xcolor-patch 2011/01/30 xcolor patch
Package: atveryend 2011/06/30 v1.8 Hooks at the very end of document (HO)
Package atveryend Info: \enddocument detected (standard20110627).
Package: atbegshi 2011/10/05 v1.16 At begin shipout hook (HO)
Package: refcount 2011/10/16 v3.4 Data extraction from label references (HO)
Package: hycolor 2011/01/30 v1.7 Color options for hyperref/bookmark (HO)
)
(D:\Programs\MiKTeX\tex\generic\ifxetex\ifxetex.sty
Package: ifxetex 2010/09/12 v0.6 Provides ifxetex conditional
)
(D:\Programs\MiKTeX\tex\latex\oberdiek\auxhook.sty
Package: auxhook 2011/03/04 v1.3 Hooks for auxiliary files (HO)
)
(D:\Programs\MiKTeX\tex\latex\oberdiek\kvoptions.sty
Package: kvoptions 2011/06/30 v3.11 Key value format for package options (HO)
)
\@linkdim=\dimen122
\Hy@linkcounter=\count111
\Hy@pagecounter=\count112

(D:\Programs\MiKTeX\tex\latex\hyperref\pd1enc.def
File: pd1enc.def 2012/11/06 v6.83m Hyperref: PDFDocEncoding definition (HO)
)
\Hy@SavedSpaceFactor=\count113

(D:\Programs\MiKTeX\tex\latex\00miktex\hyperref.cfg
File: hyperref.cfg 2002/06/06 v1.2 hyperref configuration of TeXLive
)
Package hyperref Info: Hyper figures OFF on input line 4443.
Package hyperref Info: Link nesting OFF on input line 4448.
Package hyperref Info: Hyper index ON on input line 4451.
Package hyperref Info: Plain pages OFF on input line 4458.
Package hyperref Info: Backreferencing OFF on input line 4463.
Package hyperref Info: Implicit mode ON; LaTeX internals redefined.
Package hyperref Info: Bookmarks ON on input line 4688.
\c@Hy@tempcnt=\count114

(D:\Programs\MiKTeX\tex\latex\url\url.sty
\Urlmuskip=\muskip11
Package: url 2013/09/16  ver 3.4  Verb mode for urls, etc.
)
LaTeX Info: Redefining \url on input line 5041.
\XeTeXLinkMargin=\dimen123
\Fld@menulength=\count115
\Field@Width=\dimen124
\Fld@charsize=\dimen125
Package hyperref Info: Hyper figures OFF on input line 6295.
Package hyperref Info: Link nesting OFF on input line 6300.
Package hyperref Info: Hyper index ON on input line 6303.
Package hyperref Info: backreferencing OFF on input line 6310.
Package hyperref Info: Link coloring OFF on input line 6315.
Package hyperref Info: Link coloring with OCG OFF on input line 6320.
Package hyperref Info: PDF/A mode OFF on input line 6325.
LaTeX Info: Redefining \ref on input line 6365.
LaTeX Info: Redefining \pageref on input line 6369.
\Hy@abspage=\count116
\c@Item=\count117
\c@Hfootnote=\count118
)

Package hyperref Message: Driver (autodetected): hpdftex.

(D:\Programs\MiKTeX\tex\latex\hyperref\hpdftex.def
File: hpdftex.def 2012/11/06 v6.83m Hyperref driver for pdfTeX
\Fld@listcount=\count119
\c@bookmark@seq@number=\count120

(D:\Programs\MiKTeX\tex\latex\oberdiek\rerunfilecheck.sty
Package: rerunfilecheck 2011/04/15 v1.7 Rerun checks for auxiliary files (HO)
Package uniquecounter Info: New unique counter `rerunfilecheck' on input line 2
82.
)
\Hy@SectionHShift=\skip53
)
(D:\Programs\MiKTeX\tex\latex\tools\enumerate.sty
Package: enumerate 2015/07/23 v3.00 enumerate extensions (DPC)
\@enLab=\toks23
)
(D:\Programs\MiKTeX\tex\latex\fmtcount\fmtcount.sty
Package: fmtcount 2015/05/05 v3.01

(D:\Programs\MiKTeX\tex\latex\base\ifthen.sty
Package: ifthen 2014/09/29 v1.1c Standard LaTeX ifthen package (DPC)
)
(D:\Programs\MiKTeX\tex\latex\xkeyval\xkeyval.sty
Package: xkeyval 2014/12/03 v2.7a package option processing (HA)

(D:\Programs\MiKTeX\tex\generic\xkeyval\xkeyval.tex
(D:\Programs\MiKTeX\tex\generic\xkeyval\xkvutils.tex
\XKV@toks=\toks24
\XKV@tempa@toks=\toks25
)
\XKV@depth=\count121
File: xkeyval.tex 2014/12/03 v2.7a key=value parser (HA)
))
(D:\Programs\MiKTeX\tex\latex\etoolbox\etoolbox.sty
Package: etoolbox 2015/08/02 v2.2a e-TeX tools for LaTeX (JAW)
\etb@tempcnta=\count122
)
(D:\Programs\MiKTeX\tex\latex\fmtcount\fcprefix.sty
Package: fcprefix 2012/09/28

(D:\Programs\MiKTeX\tex\latex\fmtcount\fcnumparser.sty
Package: fcnumparser 2012/09/28
\fc@digit@counter=\count123
))
\c@padzeroesN=\count124
\fc@tmpcatcode=\count125
\@DT@modctr=\count126
\@ordinalctr=\count127
\@orgargctr=\count128
\@strctr=\count129
\@tmpstrctr=\count130
\@DT@loopN=\count131
\@DT@X=\count132

(D:\Programs\MiKTeX\tex\latex\fmtcount\fc-english.def
File: fc-english.def 2013/08/17
))
(D:\Programs\MiKTeX\tex\latex\natbib\natbib.sty
Package: natbib 2010/09/13 8.31b (PWD, AO)
\bibhang=\skip54
\bibsep=\skip55
LaTeX Info: Redefining \cite on input line 694.
\c@NAT@ctr=\count133
)) (MICETrackerSoftware.aux)
\openout1 = `MICETrackerSoftware.aux'.

LaTeX Font Info:    Checking defaults for OML/cmm/m/it on input line 11.
LaTeX Font Info:    ... okay on input line 11.
LaTeX Font Info:    Checking defaults for T1/cmr/m/n on input line 11.
LaTeX Font Info:    ... okay on input line 11.
LaTeX Font Info:    Checking defaults for OT1/cmr/m/n on input line 11.
LaTeX Font Info:    ... okay on input line 11.
LaTeX Font Info:    Checking defaults for OMS/cmsy/m/n on input line 11.
LaTeX Font Info:    ... okay on input line 11.
LaTeX Font Info:    Checking defaults for OMX/cmex/m/n on input line 11.
LaTeX Font Info:    ... okay on input line 11.
LaTeX Font Info:    Checking defaults for U/cmr/m/n on input line 11.
LaTeX Font Info:    ... okay on input line 11.
LaTeX Font Info:    Checking defaults for PD1/pdf/m/n on input line 11.
LaTeX Font Info:    ... okay on input line 11.
LaTeX Font Info:    Try loading font information for OT1+ptm on input line 11.

(D:\Programs\MiKTeX\tex\latex\psnfss\ot1ptm.fd
File: ot1ptm.fd 2001/06/04 font definitions for OT1/ptm.
)
(D:\Programs\MiKTeX\tex\context\base\supp-pdf.mkii
[Loading MPS to PDF converter (version 2006.09.02).]
\scratchcounter=\count134
\scratchdimen=\dimen126
\scratchbox=\box29
\nofMPsegments=\count135
\nofMParguments=\count136
\everyMPshowfont=\toks26
\MPscratchCnt=\count137
\MPscratchDim=\dimen127
\MPnumerator=\count138
\makeMPintoPDFobject=\count139
\everyMPtoPDFconversion=\toks27
)
\AtBeginShipoutBox=\box30
Package hyperref Info: Link coloring OFF on input line 11.
 (D:\Programs\MiKTeX\tex\latex\hyperref\nameref.sty
Package: nameref 2012/10/27 v2.43 Cross-referencing by name of section

(D:\Programs\MiKTeX\tex\generic\oberdiek\gettitlestring.sty
Package: gettitlestring 2010/12/03 v1.4 Cleanup title references (HO)
)
\c@section@level=\count140
)
LaTeX Info: Redefining \ref on input line 11.
LaTeX Info: Redefining \pageref on input line 11.
LaTeX Info: Redefining \nameref on input line 11.

(MICETrackerSoftware.out) (MICETrackerSoftware.out)
\@outlinefile=\write3
\openout3 = `MICETrackerSoftware.out'.


(00a-Top-matter/00a-Top-matter.tex
LaTeX Font Info:    Try loading font information for U+msa on input line 3.

(D:\Programs\MiKTeX\tex\latex\amsfonts\umsa.fd
File: umsa.fd 2013/01/14 v3.01 AMS symbols A
)
LaTeX Font Info:    Try loading font information for U+msb on input line 3.

(D:\Programs\MiKTeX\tex\latex\amsfonts\umsb.fd
File: umsb.fd 2013/01/14 v3.01 AMS symbols B
)
Overfull \hbox (4.63474pt too wide) in paragraph at lines 3--10
[][]
 []

LaTeX Font Info:    Try loading font information for OT1+phv on input line 10.
(D:\Programs\MiKTeX\tex\latex\psnfss\ot1phv.fd
File: ot1phv.fd 2001/06/04 scalable font definitions for OT1/phv.
)
LaTeX Font Info:    Font shape `OT1/ptm/bx/n' in size <10.95> not available
(Font)              Font shape `OT1/ptm/b/n' tried instead on input line 12.
LaTeX Font Info:    Font shape `OT1/ptm/bx/n' in size <17.28> not available
(Font)              Font shape `OT1/ptm/b/n' tried instead on input line 13.
) (99-Styles/MICE-defs.tex)
(00b-Abstract/00b-Abstract.tex) (01-MICE/01-MICE.tex
LaTeX Font Info:    Font shape `OT1/ptm/bx/n' in size <12> not available
(Font)              Font shape `OT1/ptm/b/n' tried instead on input line 1.

<01-MICE/Cooling-demo-labels.pdf, id=103, 979.84428pt x 278.10933pt>
File: 01-MICE/Cooling-demo-labels.pdf Graphic file (type pdf)

<use 01-MICE/Cooling-demo-labels.pdf>
Package pdftex.def Info: 01-MICE/Cooling-demo-labels.pdf used on input line 11.

(pdftex.def)             Requested size: 483.69687pt x 137.28897pt.
 [1


Non-PDF special ignored!{C:/Users/Chris/AppData/Local/MiKTeX/2.9/pdftex/config/
pdftex.map}] <01-MICE/TrackerFrame.pdf, id=124, 1212.84612pt x 651.81966pt>
File: 01-MICE/TrackerFrame.pdf Graphic file (type pdf)

<use 01-MICE/TrackerFrame.pdf>
Package pdftex.def Info: 01-MICE/TrackerFrame.pdf used on input line 33.
(pdftex.def)             Requested size: 241.84843pt x 129.97372pt.

<01-MICE/TrackerPhoto.pdf, id=125, 193.72375pt x 137.51375pt>
File: 01-MICE/TrackerPhoto.pdf Graphic file (type pdf)

<use 01-MICE/TrackerPhoto.pdf>
Package pdftex.def Info: 01-MICE/TrackerPhoto.pdf used on input line 34.
(pdftex.def)             Requested size: 169.29684pt x 120.17525pt.
 [2 <./01-MICE/Cooling-demo-labels.pdf> <./01-MICE/TrackerFrame.pdf> <./01-MICE
/TrackerPhoto.pdf>]
<01-MICE/doublet-layer.pdf, id=171, 541.02126pt x 189.70876pt>
File: 01-MICE/doublet-layer.pdf Graphic file (type pdf)

<use 01-MICE/doublet-layer.pdf>
Package pdftex.def Info: 01-MICE/doublet-layer.pdf used on input line 42.
(pdftex.def)             Requested size: 411.14528pt x 144.17146pt.

<01-MICE/FibrePlaneOrientation.pdf, id=172, 1439.50444pt x 220.42908pt>
File: 01-MICE/FibrePlaneOrientation.pdf Graphic file (type pdf)

<use 01-MICE/FibrePlaneOrientation.pdf>
Package pdftex.def Info: 01-MICE/FibrePlaneOrientation.pdf used on input line 4
9.
(pdftex.def)             Requested size: 459.51054pt x 70.36383pt.
)
(02-CoordinateSystems/02-CoordinateSystems.tex
Underfull \vbox (badness 1337) has occurred while \output is active []

 [3 <./01-MICE/doublet-layer.pdf> <./01-MICE/FibrePlaneOrientation.pdf

pdfTeX warning: pdflatex.exe (file ./01-MICE/FibrePlaneOrientation.pdf): PDF in
clusion: multiple pdfs with page group included in a single page
>]
<02-CoordinateSystems/PlaneCoordinatesAndNumbering.pdf, id=239, 935.51196pt x 4
22.01788pt>
File: 02-CoordinateSystems/PlaneCoordinatesAndNumbering.pdf Graphic file (type 
pdf)
 <use 02-CoordinateSystems/PlaneCoordinatesAndNumbering.pdf>
Package pdftex.def Info: 02-CoordinateSystems/PlaneCoordinatesAndNumbering.pdf 
used on input line 28.
(pdftex.def)             Requested size: 435.32422pt x 196.37794pt.
)
(03-MAUS/03-MAUS.tex) (04-DataStructure/04-DataStructure.tex [4]
<04-DataStructure/DataStructureSimple2016.pdf, id=253, 845.04686pt x 597.50786p
t>
File: 04-DataStructure/DataStructureSimple2016.pdf Graphic file (type pdf)
 <use 04-DataStructure/DataStructureSimple2016.pdf>
Package pdftex.def Info: 04-DataStructure/DataStructureSimple2016.pdf used on i
nput line 12.
(pdftex.def)             Requested size: 300.0pt x 212.12132pt.
 [5 <./02-CoordinateSystems/PlaneCoordinatesAndNumbering.pdf>]
LaTeX Font Info:    Try loading font information for OMS+ptm on input line 23.

(D:\Programs\MiKTeX\tex\latex\psnfss\omsptm.fd
File: omsptm.fd 
)
LaTeX Font Info:    Font shape `OMS/ptm/m/n' in size <10.95> not available
(Font)              Font shape `OMS/cmsy/m/n' tried instead on input line 23.
 [6 <./04-DataStructure/DataStructureSimple2016.pdf>]) (05-Geometry/05-Geometry
.tex)
(06-Simulation/06-Simulation.tex [7]) (07-Reconstruction/07-Reconstruction.tex
Underfull \vbox (badness 3514) has occurred while \output is active []

 [8]
<07-Reconstruction/DataFlow2014.pdf, id=323, 733.80925pt x 339.88695pt>
File: 07-Reconstruction/DataFlow2014.pdf Graphic file (type pdf)

<use 07-Reconstruction/DataFlow2014.pdf>
Package pdftex.def Info: 07-Reconstruction/DataFlow2014.pdf used on input line 
7.
(pdftex.def)             Requested size: 459.51054pt x 212.8437pt.

Overfull \hbox (12.83635pt too wide) in paragraph at lines 28--29
\OT1/ptm/m/n/10.95 In or-der to de-ter-mine which Clus-ters from each plane ori
g-i-nate from the same track we fol-low Kuno's conjecture[[]]
 []

[9 <./07-Reconstruction/DataFlow2014.pdf>] [10])
(08-Performance/08-Performance.tex [11]
<08-Performance/residual_x_up.pdf, id=373, 569.12625pt x 385.44pt>
File: 08-Performance/residual_x_up.pdf Graphic file (type pdf)

<use 08-Performance/residual_x_up.pdf>
Package pdftex.def Info: 08-Performance/residual_x_up.pdf used on input line 14
.
(pdftex.def)             Requested size: 237.01411pt x 160.51923pt.

<08-Performance/residual_x_down.pdf, id=374, 569.12625pt x 385.44pt>
File: 08-Performance/residual_x_down.pdf Graphic file (type pdf)

<use 08-Performance/residual_x_down.pdf>
Package pdftex.def Info: 08-Performance/residual_x_down.pdf used on input line 
15.
(pdftex.def)             Requested size: 237.01411pt x 160.51923pt.

<08-Performance/residual_y_up.pdf, id=375, 569.12625pt x 385.44pt>
File: 08-Performance/residual_y_up.pdf Graphic file (type pdf)

<use 08-Performance/residual_y_up.pdf>
Package pdftex.def Info: 08-Performance/residual_y_up.pdf used on input line 22
.
(pdftex.def)             Requested size: 237.01411pt x 160.51923pt.

<08-Performance/residual_y_down.pdf, id=376, 569.12625pt x 385.44pt>
File: 08-Performance/residual_y_down.pdf Graphic file (type pdf)

<use 08-Performance/residual_y_down.pdf>
Package pdftex.def Info: 08-Performance/residual_y_down.pdf used on input line 
23.
(pdftex.def)             Requested size: 237.01411pt x 160.51923pt.

<08-Performance/upstream_residual_pt.pdf, id=377, 569.12625pt x 385.44pt>
File: 08-Performance/upstream_residual_pt.pdf Graphic file (type pdf)

<use 08-Performance/upstream_residual_pt.pdf>
Package pdftex.def Info: 08-Performance/upstream_residual_pt.pdf used on input 
line 31.
(pdftex.def)             Requested size: 237.01411pt x 160.51923pt.

<08-Performance/downstream_residual_pt.pdf, id=378, 569.12625pt x 385.44pt>
File: 08-Performance/downstream_residual_pt.pdf Graphic file (type pdf)

<use 08-Performance/downstream_residual_pt.pdf>
Package pdftex.def Info: 08-Performance/downstream_residual_pt.pdf used on inpu
t line 32.
(pdftex.def)             Requested size: 237.01411pt x 160.51923pt.

<08-Performance/upstream_residual_pz.pdf, id=379, 569.12625pt x 385.44pt>
File: 08-Performance/upstream_residual_pz.pdf Graphic file (type pdf)

<use 08-Performance/upstream_residual_pz.pdf>
Package pdftex.def Info: 08-Performance/upstream_residual_pz.pdf used on input 
line 39.
(pdftex.def)             Requested size: 237.01411pt x 160.51923pt.

<08-Performance/downstream_residual_pz.pdf, id=380, 569.12625pt x 385.44pt>
File: 08-Performance/downstream_residual_pz.pdf Graphic file (type pdf)

<use 08-Performance/downstream_residual_pz.pdf>
Package pdftex.def Info: 08-Performance/downstream_residual_pz.pdf used on inpu
t line 40.
(pdftex.def)             Requested size: 237.01411pt x 160.51923pt.

<08-Performance/upstream_pt_resolution_vs_pt.pdf, id=381, 569.12625pt x 385.44p
t>
File: 08-Performance/upstream_pt_resolution_vs_pt.pdf Graphic file (type pdf)
 <use 08-Performance/upstream_pt_resolution_vs_pt.pdf>
Package pdftex.def Info: 08-Performance/upstream_pt_resolution_vs_pt.pdf used o
n input line 47.
(pdftex.def)             Requested size: 237.01411pt x 160.51923pt.

<08-Performance/downstream_pt_resolution_vs_pt.pdf, id=382, 569.12625pt x 385.4
4pt>
File: 08-Performance/downstream_pt_resolution_vs_pt.pdf Graphic file (type pdf)

 <use 08-Performance/downstream_pt_resolution_vs_pt.pdf>
Package pdftex.def Info: 08-Performance/downstream_pt_resolution_vs_pt.pdf used
 on input line 48.
(pdftex.def)             Requested size: 237.01411pt x 160.51923pt.

<08-Performance/upstream_pz_resolution_vs_pt.pdf, id=383, 569.12625pt x 385.44p
t>
File: 08-Performance/upstream_pz_resolution_vs_pt.pdf Graphic file (type pdf)
 <use 08-Performance/upstream_pz_resolution_vs_pt.pdf>
Package pdftex.def Info: 08-Performance/upstream_pz_resolution_vs_pt.pdf used o
n input line 55.
(pdftex.def)             Requested size: 237.01411pt x 160.51923pt.

<08-Performance/downstream_pz_resolution_vs_pt.pdf, id=384, 569.12625pt x 385.4
4pt>
File: 08-Performance/downstream_pz_resolution_vs_pt.pdf Graphic file (type pdf)

 <use 08-Performance/downstream_pz_resolution_vs_pt.pdf>
Package pdftex.def Info: 08-Performance/downstream_pz_resolution_vs_pt.pdf used
 on input line 56.
(pdftex.def)             Requested size: 237.01411pt x 160.51923pt.
)
(09-Conclusion/09-Conclusion.tex) [12] [13 <./08-Performance/residual_x_up.pdf,
 page is rotated 90 degrees> <./08-Performance/residual_x_down.pdf, page is rot
ated 90 degrees> <./08-Performance/residual_y_up.pdf, page is rotated 90 degree
s> <./08-Performance/residual_y_down.pdf, page is rotated 90 degrees> <./08-Per
formance/upstream_residual_pt.pdf, page is rotated 90 degrees> <./08-Performanc
e/downstream_residual_pt.pdf, page is rotated 90 degrees>] [14 <./08-Performanc
e/upstream_residual_pz.pdf, page is rotated 90 degrees> <./08-Performance/downs
tream_residual_pz.pdf, page is rotated 90 degrees> <./08-Performance/upstream_p
t_resolution_vs_pt.pdf, page is rotated 90 degrees> <./08-Performance/downstrea
m_pt_resolution_vs_pt.pdf, page is rotated 90 degrees> <./08-Performance/upstre
am_pz_resolution_vs_pt.pdf, page is rotated 90 degrees> <./08-Performance/downs
tream_pz_resolution_vs_pt.pdf, page is rotated 90 degrees>]
(MICETrackerSoftware.bbl
LaTeX Font Info:    Try loading font information for OT1+pcr on input line 26.
 (D:\Programs\MiKTeX\tex\latex\psnfss\ot1pcr.fd
File: ot1pcr.fd 2001/06/04 font definitions for OT1/pcr.
))
Package atveryend Info: Empty hook `BeforeClearDocument' on input line 45.

[15

]
Package atveryend Info: Empty hook `AfterLastShipout' on input line 45.
 (MICETrackerSoftware.aux)
Package atveryend Info: Executing hook `AtVeryEndDocument' on input line 45.
Package atveryend Info: Executing hook `AtEndAfterFileList' on input line 45.
Package rerunfilecheck Info: File `MICETrackerSoftware.out' has not changed.
(rerunfilecheck)             Checksum: B16AC71CEF58B525E708C88F5D2E7E21;1576.
Package atveryend Info: Empty hook `AtVeryVeryEnd' on input line 45.
 ) 
Here is how much of TeX's memory you used:
 8115 strings out of 493634
 116548 string characters out of 3147415
 222776 words of memory out of 3000000
 11212 multiletter control sequences out of 15000+200000
 22494 words of font info for 57 fonts, out of 3000000 for 9000
 1025 hyphenation exceptions out of 8191
 30i,9n,32p,1211b,383s stack positions out of 5000i,500n,10000p,200000b,50000s
{D:/Programs/MiKTeX/fonts/enc/dvips/fontname/8r.enc}<D:/Programs/MiKTeX/fonts
/type1/public/amsfonts/cm/cmbx10.pfb><D:/Programs/MiKTeX/fonts/type1/public/ams
fonts/cm/cmex10.pfb><D:/Programs/MiKTeX/fonts/type1/public/amsfonts/cm/cmmi10.p
fb><D:/Programs/MiKTeX/fonts/type1/public/amsfonts/cm/cmmi8.pfb><D:/Programs/Mi
KTeX/fonts/type1/public/amsfonts/cm/cmr10.pfb><D:/Programs/MiKTeX/fonts/type1/p
ublic/amsfonts/cm/cmr8.pfb><D:/Programs/MiKTeX/fonts/type1/public/amsfonts/cm/c
msy10.pfb><D:/Programs/MiKTeX/fonts/type1/public/amsfonts/cm/cmsy8.pfb><D:/Prog
rams/MiKTeX/fonts/type1/urw/courier/ucrr8a.pfb><D:/Programs/MiKTeX/fonts/type1/
urw/helvetic/uhvr8a.pfb><D:/Programs/MiKTeX/fonts/type1/urw/times/utmb8a.pfb><D
:/Programs/MiKTeX/fonts/type1/urw/times/utmr8a.pfb><D:/Programs/MiKTeX/fonts/ty
pe1/urw/times/utmri8a.pfb>
Output written on MICETrackerSoftware.pdf (15 pages, 1821424 bytes).
PDF statistics:
 993 PDF objects out of 1000 (max. 8388607)
 74 named destinations out of 1000 (max. 500000)
 293 words of extra memory for PDF output out of 10000 (max. 10000000)

